Flutter crash report.
Please report a bug at https://github.com/flutter/flutter/issues.

## command

flutter debug_adapter

## exception

FileSystemException: FileSystemException: writeFrom failed, path = '' (OS Error: The pipe is being closed.
, errno = 232)

```
#0      _checkForErrorResponse (dart:io/common.dart:55:9)
#1      _RandomAccessFile.writeFrom.<anonymous closure> (dart:io/file_impl.dart:885:7)
#2      _rootRunUnary (dart:async/zone.dart:1407:47)
<asynchronous suspension>
#3      _FileStreamConsumer.addStream.<anonymous closure>.<anonymous closure>.<anonymous closure> (dart:io/file_impl.dart:218:21)
<asynchronous suspension>
```

## flutter doctor

```
[✓] Flutter (Channel stable, 3.19.1, on Microsoft Windows [Version 10.0.19045.4170], locale en-ID)
    • Flutter version 3.19.1 on channel stable at C:\flutter
    • Upstream repository https://github.com/flutter/flutter.git
    • Framework revision abb292a07e (6 weeks ago), 2024-02-20 14:35:05 -0800
    • Engine revision 04817c99c9
    • Dart version 3.3.0
    • DevTools version 2.31.1

[✓] Windows Version (Installed version of Windows is version 10 or higher)

[✓] Android toolchain - develop for Android devices (Android SDK version 34.0.0)
    • Android SDK at C:\Users\LENOVO\AppData\Local\Android\sdk
    • Platform android-34, build-tools 34.0.0
    • Java binary at: C:\Program Files\Android\Android Studio\jbr\bin\java
    • Java version OpenJDK Runtime Environment (build 17.0.7+0-b2043.56-10550314)
    • All Android licenses accepted.

[✓] Chrome - develop for the web
    • Chrome at C:\Program Files\Google\Chrome\Application\chrome.exe

[✓] Visual Studio - develop Windows apps (Visual Studio Community 2022 17.9.1)
    • Visual Studio at C:\Program Files\Microsoft Visual Studio\2022\Community
    • Visual Studio Community 2022 version 17.9.34616.47
    • Windows 10 SDK version 10.0.22621.0

[✓] Android Studio (version 2023.1)
    • Android Studio at C:\Program Files\Android\Android Studio
    • Flutter plugin can be installed from:
      🔨 https://plugins.jetbrains.com/plugin/9212-flutter
    • Dart plugin can be installed from:
      🔨 https://plugins.jetbrains.com/plugin/6351-dart
    • Java version OpenJDK Runtime Environment (build 17.0.7+0-b2043.56-10550314)

[✓] VS Code (version 1.87.2)
    • VS Code at C:\Users\LENOVO\AppData\Local\Programs\Microsoft VS Code
    • Flutter extension version 3.84.0

[✓] Connected device (4 available)
    • sdk gphone64 x86 64 (mobile) • emulator-5554 • android-x64    • Android 14 (API 34) (emulator)
    • Windows (desktop)            • windows       • windows-x64    • Microsoft Windows [Version 10.0.19045.4170]
    • Chrome (web)                 • chrome        • web-javascript • Google Chrome 123.0.6312.86
    • Edge (web)                   • edge          • web-javascript • Microsoft Edge 123.0.2420.65

[✓] Network resources
    • All expected network resources are available.

• No issues found!
```
